Ignoring non-visible class org.mockito.internal.util.collections.HashCodeAndEqualsSafeSet$1 specified via --classlist or --testclass.
Ignoring interface org.mockito.internal.util.collections.ListUtil$Converter specified via --classlist or --testclass; provide classes, not interfaces.
Ignoring interface org.mockito.internal.util.collections.ListUtil$Filter specified via --classlist or --testclass; provide classes, not interfaces.
Ignoring abstract class org.mockito.internal.util.collections.Sets specified via --classlist or --testclass.
Ignoring non-visible class org.mockito.internal.util.concurrent.DetachedThreadLocal$1 specified via --classlist or --testclass.
Ignoring non-visible class org.mockito.internal.util.concurrent.DetachedThreadLocal$2 specified via --classlist or --testclass.
Ignoring non-visible class org.mockito.internal.util.concurrent.DetachedThreadLocal$3 specified via --classlist or --testclass.
Ignoring non-visible class org.mockito.internal.util.concurrent.WeakConcurrentMap$1 specified via --classlist or --testclass.
Ignoring non-visible class org.mockito.internal.util.concurrent.WeakConcurrentMap$EntryIterator specified via --classlist or --testclass.
Ignoring non-visible class org.mockito.internal.util.concurrent.WeakConcurrentMap$LatentKey specified via --classlist or --testclass.
Ignoring non-visible class org.mockito.internal.util.concurrent.WeakConcurrentMap$SimpleEntry specified via --classlist or --testclass.
Ignoring non-visible class org.mockito.internal.util.concurrent.WeakConcurrentMap$WeakKey specified via --classlist or --testclass.
Ignoring non-visible class org.mockito.internal.util.concurrent.WeakConcurrentSet$1 specified via --classlist or --testclass.
Ignoring non-visible class org.mockito.internal.util.concurrent.WeakConcurrentSet$ReducingIterator specified via --classlist or --testclass.
Ignoring interface org.mockito.internal.util.MockitoLogger specified via --classlist or --testclass; provide classes, not interfaces.
Ignoring abstract class org.mockito.internal.util.Platform specified via --classlist or --testclass.
Ignoring interface org.mockito.internal.util.reflection.FieldInitializer$ConstructorArgumentResolver specified via --classlist or --testclass; provide classes, not interfaces.
Ignoring non-visible interface org.mockito.internal.util.reflection.FieldInitializer$ConstructorInstantiator specified via --classlist or --testclass.
Ignoring non-visible class org.mockito.internal.util.reflection.FieldInitializer$NoArgConstructorInstantiator specified via --classlist or --testclass.
Ignoring non-visible class org.mockito.internal.util.reflection.FieldInitializer$ParameterizedConstructorInstantiator$1 specified via --classlist or --testclass.
Ignoring non-visible class org.mockito.internal.util.reflection.FieldInitializer$ParameterizedConstructorInstantiator specified via --classlist or --testclass.
Ignoring non-visible class org.mockito.internal.util.reflection.Fields$1 specified via --classlist or --testclass.
Ignoring non-visible class org.mockito.internal.util.reflection.Fields$2 specified via --classlist or --testclass.
Ignoring non-visible class org.mockito.internal.util.reflection.Fields$3 specified via --classlist or --testclass.
Ignoring abstract class org.mockito.internal.util.reflection.Fields specified via --classlist or --testclass.
Ignoring interface org.mockito.internal.util.reflection.GenericMetadataSupport$BoundedType specified via --classlist or --testclass; provide classes, not interfaces.
Ignoring non-visible class org.mockito.internal.util.reflection.GenericMetadataSupport$FromClassGenericMetadataSupport specified via --classlist or --testclass.
Ignoring non-visible class org.mockito.internal.util.reflection.GenericMetadataSupport$FromParameterizedTypeGenericMetadataSupport specified via --classlist or --testclass.
Ignoring non-visible class org.mockito.internal.util.reflection.GenericMetadataSupport$GenericArrayReturnType specified via --classlist or --testclass.
Ignoring non-visible class org.mockito.internal.util.reflection.GenericMetadataSupport$NotGenericReturnTypeSupport specified via --classlist or --testclass.
Ignoring non-visible class org.mockito.internal.util.reflection.GenericMetadataSupport$ParameterizedReturnType specified via --classlist or --testclass.
Ignoring non-visible class org.mockito.internal.util.reflection.GenericMetadataSupport$TypeVariableReturnType specified via --classlist or --testclass.
Ignoring abstract class org.mockito.internal.util.reflection.GenericMetadataSupport specified via --classlist or --testclass.
Ignoring non-visible class org.mockito.internal.util.reflection.SuperTypesLastSorter$1 specified via --classlist or --testclass.
Ignoring interface org.mockito.internal.util.Supplier specified via --classlist or --testclass; provide classes, not interfaces.
PUBLIC MEMBERS=216
Explorer = randoop.generation.ForwardGenerator(allSequences.size()=0,observers.size()=0,subsumed_sequences.size()=0,runtimePrimitivesSeen.size()=38)

Progress update: steps=2, test inputs generated=0, failing inputs=0      (Sun Apr 08 11:15:06 PDT 2018)
Progress update: steps=108, test inputs generated=50, failing inputs=0      (Sun Apr 08 11:15:16 PDT 2018)
Progress update: steps=201, test inputs generated=98, failing inputs=1      (Sun Apr 08 11:15:27 PDT 2018)
Progress update: steps=258, test inputs generated=127, failing inputs=2      (Sun Apr 08 11:15:37 PDT 2018)
Progress update: steps=350, test inputs generated=181, failing inputs=4      (Sun Apr 08 11:15:47 PDT 2018)org.mockito.internal.util.io.IOUtil@36e77d37

Progress update: steps=418, test inputs generated=228, failing inputs=6      (Sun Apr 08 11:15:57 PDT 2018)
Progress update: steps=479, test inputs generated=269, failing inputs=7      (Sun Apr 08 11:16:07 PDT 2018)
Progress update: steps=497, test inputs generated=283, failing inputs=7      (Sun Apr 08 11:16:21 PDT 2018)
Progress update: steps=515, test inputs generated=295, failing inputs=7      (Sun Apr 08 11:16:32 PDT 2018)org.mockito.internal.util.io.IOUtil@6fd8c1c5

Progress update: steps=701, test inputs generated=414, failing inputs=9      (Sun Apr 08 11:16:43 PDT 2018)
Progress update: steps=775, test inputs generated=469, failing inputs=9      (Sun Apr 08 11:16:53 PDT 2018)
Progress update: steps=805, test inputs generated=488, failing inputs=9      (Sun Apr 08 11:17:04 PDT 2018)
Progress update: steps=877, test inputs generated=548, failing inputs=9      (Sun Apr 08 11:17:16 PDT 2018)
Progress update: steps=945, test inputs generated=595, failing inputs=10      (Sun Apr 08 11:17:26 PDT 2018)
Progress update: steps=992, test inputs generated=623, failing inputs=12      (Sun Apr 08 11:17:36 PDT 2018)
Progress update: steps=1000, test inputs generated=629, failing inputs=12
Progress update: steps=1047, test inputs generated=658, failing inputs=12      (Sun Apr 08 11:17:46 PDT 2018)
Progress update: steps=1102, test inputs generated=693, failing inputs=14      (Sun Apr 08 11:18:00 PDT 2018)java.util.Spliterators$IteratorSpliterator@10f27905

Progress update: steps=1177, test inputs generated=740, failing inputs=14      (Sun Apr 08 11:18:10 PDT 2018)
Progress update: steps=1191, test inputs generated=749, failing inputs=14      (Sun Apr 08 11:18:24 PDT 2018)
Progress update: steps=1254, test inputs generated=791, failing inputs=16      (Sun Apr 08 11:18:35 PDT 2018)
Progress update: steps=1328, test inputs generated=835, failing inputs=16      (Sun Apr 08 11:18:45 PDT 2018)
Progress update: steps=1406, test inputs generated=881, failing inputs=16      (Sun Apr 08 11:18:59 PDT 2018)
Progress update: steps=1482, test inputs generated=933, failing inputs=18      (Sun Apr 08 11:19:09 PDT 2018)java.util.Spliterators$IteratorSpliterator@cb20b76
[]

Progress update: steps=1525, test inputs generated=966, failing inputs=18      (Sun Apr 08 11:19:19 PDT 2018)
Progress update: steps=1572, test inputs generated=996, failing inputs=18      (Sun Apr 08 11:19:33 PDT 2018)Error selecting inputs for operation: org.mockito.internal.util.concurrent.WeakConcurrentMap.addAll : (org.mockito.internal.util.concurrent.WeakConcurrentMap, java.util.Collection<java.lang.Object>) -> boolean

Progress update: steps=1609, test inputs generated=1022, failing inputs=19      (Sun Apr 08 11:19:43 PDT 2018)java.util.Spliterators$IteratorSpliterator@63f12a50

Progress update: steps=1663, test inputs generated=1055, failing inputs=19      (Sun Apr 08 11:19:57 PDT 2018)org.mockito.internal.util.io.IOUtil@5f8ceb8a
[]

Progress update: steps=1720, test inputs generated=1095, failing inputs=20      (Sun Apr 08 11:20:08 PDT 2018)
Normal method executions: 674182
Exceptional method executions: 314

Average method execution time (normal termination):      0.153
Average method execution time (exceptional termination): 2.58

Error-revealing test output:
Error-revealing test count: 20
Writing JUnit tests...

Created file /tmp/mockito/ErrorTest0.java
Created file /tmp/mockito/ErrorTest.java

Regression test output:
Regression test count: 474
Writing JUnit tests...
                                                                                                                                                                                                       unhandled diagnostic: cannot find symbol
  symbol:   method of(java.lang.Iterable<java.lang.Object>)
  location: class org.mockito.internal.util.concurrent.WeakConcurrentMap

Randoop failed in an unexpected way.
Please report at https://github.com/randoop/randoop/issues .
randoop.BugInRandoopException: Compilation error during flaky-test filtering: fileCompiler.compile(sourceFile, /tmp/checkRegressionTest001854108781379166694)
(You may use the --print-file-system-state option to dump a copy of the source file.)
Diagnostics:
[/tmp/mockito/RegressionTest0.java:146: error: cannot find symbol
        org.mockito.internal.util.concurrent.WeakConcurrentMap weakConcurrentMap28 = org.mockito.internal.util.concurrent.WeakConcurrentMap.of((java.lang.Iterable<java.lang.Object>) objSet25);
                                                                                                                                           ^
  symbol:   method of(java.lang.Iterable<java.lang.Object>)
  location: class org.mockito.internal.util.concurrent.WeakConcurrentMap, /tmp/mockito/RegressionTest0.java:147: error: cannot find symbol
        boolean boolean30 = weakConcurrentMap28.contains((java.lang.Object) (short) 10);
                                               ^
  symbol:   method contains(java.lang.Object)
  location: variable weakConcurrentMap28 of type org.mockito.internal.util.concurrent.WeakConcurrentMap, /tmp/mockito/RegressionTest0.java:171: error: cannot find symbol
            org.mockito.internal.util.concurrent.WeakConcurrentMap<java.lang.Enum<org.mockito.internal.util.concurrent.DetachedThreadLocal.Cleaner>, java.lang.Object>[] cleanerEnumWeakConcurrentMapArray66 = weakConcurrentMap28.toArray(cleanerEnumWeakConcurrentMapArray53);
                                                                                                                                                                                                                                  ^
  symbol:   method toArray(org.mockito.internal.util.concurrent.WeakConcurrentMap<java.lang.Enum<org.mockito.internal.util.concurrent.DetachedThreadLocal.Cleaner>,java.lang.Object>[])
  location: variable weakConcurrentMap28 of type org.mockito.internal.util.concurrent.WeakConcurrentMap, /tmp/mockito/RegressionTest0.java:265: error: constructor WeakConcurrentMap in class org.mockito.internal.util.concurrent.WeakConcurrentMap<K,V> cannot be applied to given types;
        org.mockito.internal.util.concurrent.WeakConcurrentMap weakConcurrentMap1 = new org.mockito.internal.util.concurrent.WeakConcurrentMap();
                                                                                    ^
  required: boolean
  found: no arguments
  reason: actual and formal argument lists differ in length, /tmp/mockito/RegressionTest0.java:268: error: constructor WeakConcurrentMap in class org.mockito.internal.util.concurrent.WeakConcurrentMap<K,V> cannot be applied to given types;
        org.mockito.internal.util.concurrent.WeakConcurrentMap weakConcurrentMap4 = new org.mockito.internal.util.concurrent.WeakConcurrentMap();
                                                                                    ^
  required: boolean
  found: no arguments
  reason: actual and formal argument lists differ in length, /tmp/mockito/RegressionTest0.java:305: error: cannot find symbol
        org.mockito.internal.util.concurrent.WeakConcurrentMap weakConcurrentMap28 = org.mockito.internal.util.concurrent.WeakConcurrentMap.of((java.lang.Iterable<java.lang.Object>) objSet25);
                                                                                                                                           ^
  symbol:   method of(java.lang.Iterable<java.lang.Object>)
  location: class org.mockito.internal.util.concurrent.WeakConcurrentMap, /tmp/mockito/RegressionTest0.java:306: error: cannot find symbol
        boolean boolean29 = weakConcurrentMap28.isEmpty();
                                               ^
  symbol:   method isEmpty()
  location: variable weakConcurrentMap28 of type org.mockito.internal.util.concurrent.WeakConcurrentMap, /tmp/mockito/RegressionTest0.java:362: error: cannot find symbol
        org.mockito.internal.util.concurrent.WeakConcurrentMap weakConcurrentMap28 = org.mockito.internal.util.concurrent.WeakConcurrentMap.of((java.lang.Iterable<java.lang.Object>) objSet25);
                                                                                                                                           ^
  symbol:   method of(java.lang.Iterable<java.lang.Object>)
  location: class org.mockito.internal.util.concurrent.WeakConcurrentMap, /tmp/mockito/RegressionTest0.java:363: error: cannot find symbol
        boolean boolean29 = weakConcurrentMap28.isEmpty();
                                               ^
  symbol:   method isEmpty()
  location: variable weakConcurrentMap28 of type org.mockito.internal.util.concurrent.WeakConcurrentMap, /tmp/mockito/RegressionTest0.java:364: error: cannot find symbol
        int int30 = weakConcurrentMap28.size();
                                       ^
  symbol:   method size()
  location: variable weakConcurrentMap28 of type org.mockito.internal.util.concurrent.WeakConcurrentMap, /tmp/mockito/RegressionTest0.java:366: error: clone() has protected access in java.lang.Object
            java.lang.Object obj31 = weakConcurrentMap28.clone();
                                                        ^, /tmp/mockito/RegressionTest0.java:435: error: cannot find symbol
        org.mockito.internal.util.concurrent.WeakConcurrentMap weakConcurrentMap28 = org.mockito.internal.util.concurrent.WeakConcurrentMap.of((java.lang.Iterable<java.lang.Object>) objSet25);
                                                                                                                                           ^
  symbol:   method of(java.lang.Iterable<java.lang.Object>)
  location: class org.mockito.internal.util.concurrent.WeakConcurrentMap, /tmp/mockito/RegressionTest0.java:436: error: cannot find symbol
        boolean boolean29 = weakConcurrentMap28.isEmpty();
                                               ^
  symbol:   method isEmpty()
  location: variable weakConcurrentMap28 of type org.mockito.internal.util.concurrent.WeakConcurrentMap, /tmp/mockito/RegressionTest0.java:438: error: incompatible types: java.lang.Object cannot be converted to boolean
        boolean boolean31 = weakConcurrentMap28.remove(obj30);
                                                      ^, /tmp/mockito/RegressionTest0.java:458: error: constructor WeakConcurrentMap in class org.mockito.internal.util.concurrent.WeakConcurrentMap<K,V> cannot be applied to given types;
        org.mockito.internal.util.concurrent.WeakConcurrentMap weakConcurrentMap0 = new org.mockito.internal.util.concurrent.WeakConcurrentMap();
                                                                                    ^
  required: boolean
  found: no arguments
  reason: actual and formal argument lists differ in length, /tmp/mockito/RegressionTest0.java:561: error: constructor WeakConcurrentMap in class org.mockito.internal.util.concurrent.WeakConcurrentMap<K,V> cannot be applied to given types;
        org.mockito.internal.util.concurrent.WeakConcurrentMap weakConcurrentMap0 = new org.mockito.internal.util.concurrent.WeakConcurrentMap();
                                                                                    ^
  required: boolean
  found: no arguments
  reason: actual and formal argument lists differ in length, /tmp/mockito/RegressionTest0.java:567: error: cannot find symbol
        boolean boolean8 = weakConcurrentMap0.add((java.lang.Object) cleanerEnumWeakConcurrentMap4);
                                             ^
  symbol:   method add(java.lang.Object)
  location: variable weakConcurrentMap0 of type org.mockito.internal.util.concurrent.WeakConcurrentMap, /tmp/mockito/RegressionTest0.java:568: error: constructor WeakConcurrentMap in class org.mockito.internal.util.concurrent.WeakConcurrentMap<K,V> cannot be applied to given types;
        org.mockito.internal.util.concurrent.WeakConcurrentMap weakConcurrentMap9 = new org.mockito.internal.util.concurrent.WeakConcurrentMap();
                                                                                    ^
  required: boolean
  found: no arguments
  reason: actual and formal argument lists differ in length, /tmp/mockito/RegressionTest0.java:667: error: constructor WeakConcurrentMap in class org.mockito.internal.util.concurrent.WeakConcurrentMap<K,V> cannot be applied to given types;
        org.mockito.internal.util.concurrent.WeakConcurrentMap weakConcurrentMap0 = new org.mockito.internal.util.concurrent.WeakConcurrentMap();
                                                                                    ^
  required: boolean
  found: no arguments
  reason: actual and formal argument lists differ in length, /tmp/mockito/RegressionTest0.java:673: error: cannot find symbol
        boolean boolean8 = weakConcurrentMap0.add((java.lang.Object) cleanerEnumWeakConcurrentMap4);
                                             ^
  symbol:   method add(java.lang.Object)
  location: variable weakConcurrentMap0 of type org.mockito.internal.util.concurrent.WeakConcurrentMap, /tmp/mockito/RegressionTest0.java:675: error: cannot find symbol
        java.lang.Object[] objArray10 = weakConcurrentMap0.toArray();
                                                          ^
  symbol:   method toArray()
  location: variable weakConcurrentMap0 of type org.mockito.internal.util.concurrent.WeakConcurrentMap, /tmp/mockito/RegressionTest0.java:694: error: constructor WeakConcurrentMap in class org.mockito.internal.util.concurrent.WeakConcurrentMap<K,V> cannot be applied to given types;
        org.mockito.internal.util.concurrent.WeakConcurrentMap weakConcurrentMap0 = new org.mockito.internal.util.concurrent.WeakConcurrentMap();
                                                                                    ^
  required: boolean
  found: no arguments
  reason: actual and formal argument lists differ in length, /tmp/mockito/RegressionTest0.java:696: error: cannot find symbol
        boolean boolean4 = weakConcurrentMap2.contains((java.lang.Object) ' ');
                                             ^
  symbol:   method contains(java.lang.Object)
  location: variable weakConcurrentMap2 of type org.mockito.internal.util.concurrent.WeakConcurrentMap, /tmp/mockito/RegressionTest0.java:728: error: constructor WeakConcurrentMap in class org.mockito.internal.util.concurrent.WeakConcurrentMap<K,V> cannot be applied to given types;
        org.mockito.internal.util.concurrent.WeakConcurrentMap weakConcurrentMap0 = new org.mockito.internal.util.concurrent.WeakConcurrentMap();
                                                                                    ^
  required: boolean
  found: no arguments
  reason: actual and formal argument lists differ in length, /tmp/mockito/RegressionTest0.java:735: error: cannot find symbol
        org.mockito.internal.util.concurrent.WeakConcurrentMap weakConcurrentMap31 = org.mockito.internal.util.concurrent.WeakConcurrentMap.of((java.lang.Iterable<java.lang.Object>) objSet28);
                                                                                                                                           ^
  symbol:   method of(java.lang.Iterable<java.lang.Object>)
  location: class org.mockito.internal.util.concurrent.WeakConcurrentMap, /tmp/mockito/RegressionTest0.java:736: error: cannot find symbol
        boolean boolean32 = weakConcurrentMap31.isEmpty();
                                               ^
  symbol:   method isEmpty()
  location: variable weakConcurrentMap31 of type org.mockito.internal.util.concurrent.WeakConcurrentMap, /tmp/mockito/RegressionTest0.java:737: error: cannot find symbol
        int int33 = weakConcurrentMap31.size();
                                       ^
  symbol:   method size()
  location: variable weakConcurrentMap31 of type org.mockito.internal.util.concurrent.WeakConcurrentMap, /tmp/mockito/RegressionTest0.java:738: error: cannot find symbol
        boolean boolean34 = weakConcurrentMap0.containsAll((java.util.Collection<java.lang.Object>) weakConcurrentMap31);
                                              ^
  symbol:   method containsAll(java.util.Collection<java.lang.Object>)
  location: variable weakConcurrentMap0 of type org.mockito.internal.util.concurrent.WeakConcurrentMap, /tmp/mockito/RegressionTest0.java:784: error: constructor WeakConcurrentMap in class org.mockito.internal.util.concurrent.WeakConcurrentMap<K,V> cannot be applied to given types;
        org.mockito.internal.util.concurrent.WeakConcurrentMap weakConcurrentMap1 = new org.mockito.internal.util.concurrent.WeakConcurrentMap();
                                                                                    ^
  required: boolean
  found: no arguments
  reason: actual and formal argument lists differ in length, /tmp/mockito/RegressionTest0.java:790: error: cannot find symbol
        boolean boolean9 = weakConcurrentMap1.add((java.lang.Object) cleanerEnumWeakConcurrentMap5);
                                             ^
  symbol:   method add(java.lang.Object)
  location: variable weakConcurrentMap1 of type org.mockito.internal.util.concurrent.WeakConcurrentMap, /tmp/mockito/RegressionTest0.java:792: error: cannot find symbol
        java.lang.Object[] objArray11 = weakConcurrentMap1.toArray();
                                                          ^
  symbol:   method toArray()
  location: variable weakConcurrentMap1 of type org.mockito.internal.util.concurrent.WeakConcurrentMap, /tmp/mockito/RegressionTest0.java:796: error: constructor WeakConcurrentMap in class org.mockito.internal.util.concurrent.WeakConcurrentMap<K,V> cannot be applied to given types;
        org.mockito.internal.util.concurrent.WeakConcurrentMap weakConcurrentMap19 = new org.mockito.internal.util.concurrent.WeakConcurrentMap();
                                                                                     ^
  required: boolean
  found: no arguments
  reason: actual and formal argument lists differ in length, /tmp/mockito/RegressionTest0.java:798: error: cannot find symbol
        boolean boolean22 = weakConcurrentMap19.contains((java.lang.Object) (byte) 1);
                                               ^
  symbol:   method contains(java.lang.Object)
  location: variable weakConcurrentMap19 of type org.mockito.internal.util.concurrent.WeakConcurrentMap, /tmp/mockito/RegressionTest0.java:801: error: cannot find symbol
        org.mockito.internal.util.concurrent.WeakConcurrentMap weakConcurrentMap26 = org.mockito.internal.util.concurrent.WeakConcurrentMap.of(objArray24);
                                                                                                                                           ^
  symbol:   method of(java.lang.Object[])
  location: class org.mockito.internal.util.concurrent.WeakConcurrentMap, /tmp/mockito/RegressionTest0.java:869: error: constructor WeakConcurrentMap in class org.mockito.internal.util.concurrent.WeakConcurrentMap<K,V> cannot be applied to given types;
        org.mockito.internal.util.concurrent.WeakConcurrentMap weakConcurrentMap0 = new org.mockito.internal.util.concurrent.WeakConcurrentMap();
                                                                                    ^
  required: boolean
  found: no arguments
  reason: actual and formal argument lists differ in length, /tmp/mockito/RegressionTest0.java:875: error: cannot find symbol
        boolean boolean8 = weakConcurrentMap0.add((java.lang.Object) cleanerEnumWeakConcurrentMap4);
                                             ^
  symbol:   method add(java.lang.Object)
  location: variable weakConcurrentMap0 of type org.mockito.internal.util.concurrent.WeakConcurrentMap, /tmp/mockito/RegressionTest0.java:890: error: constructor WeakConcurrentMap in class org.mockito.internal.util.concurrent.WeakConcurrentMap<K,V> cannot be applied to given types;
        org.mockito.internal.util.concurrent.WeakConcurrentMap weakConcurrentMap3 = new org.mockito.internal.util.concurrent.WeakConcurrentMap();
                                                                                    ^
  required: boolean
  found: no arguments
  reason: actual and formal argument lists differ in length, /tmp/mockito/RegressionTest0.java:896: error: cannot find symbol
        boolean boolean11 = weakConcurrentMap3.add((java.lang.Object) cleanerEnumWeakConcurrentMap7);
                                              ^
  symbol:   method add(java.lang.Object)
  location: variable weakConcurrentMap3 of type org.mockito.internal.util.concurrent.WeakConcurrentMap, /tmp/mockito/RegressionTest0.java:898: error: cannot find symbol
        java.lang.Object[] objArray13 = weakConcurrentMap3.toArray();
                                                          ^
  symbol:   method toArray()
  location: variable weakConcurrentMap3 of type org.mockito.internal.util.concurrent.WeakConcurrentMap, /tmp/mockito/RegressionTest0.java:902: error: constructor WeakConcurrentMap in class org.mockito.internal.util.concurrent.WeakConcurrentMap<K,V> cannot be applied to given types;
        org.mockito.internal.util.concurrent.WeakConcurrentMap weakConcurrentMap21 = new org.mockito.internal.util.concurrent.WeakConcurrentMap();
                                                                                     ^
  required: boolean
  found: no arguments
  reason: actual and formal argument lists differ in length, /tmp/mockito/RegressionTest0.java:904: error: cannot find symbol
        boolean boolean24 = weakConcurrentMap21.contains((java.lang.Object) (byte) 1);
                                               ^
  symbol:   method contains(java.lang.Object)
  location: variable weakConcurrentMap21 of type org.mockito.internal.util.concurrent.WeakConcurrentMap, /tmp/mockito/RegressionTest0.java:907: error: cannot find symbol
        org.mockito.internal.util.concurrent.WeakConcurrentMap weakConcurrentMap28 = org.mockito.internal.util.concurrent.WeakConcurrentMap.of(objArray26);
                                                                                                                                           ^
  symbol:   method of(java.lang.Object[])
  location: class org.mockito.internal.util.concurrent.WeakConcurrentMap, /tmp/mockito/RegressionTest0.java:931: error: constructor WeakConcurrentMap in class org.mockito.internal.util.concurrent.WeakConcurrentMap<K,V> cannot be applied to given types;
        org.mockito.internal.util.concurrent.WeakConcurrentMap weakConcurrentMap0 = new org.mockito.internal.util.concurrent.WeakConcurrentMap();
                                                                                    ^
  required: boolean
  found: no arguments
  reason: actual and formal argument lists differ in length, /tmp/mockito/RegressionTest0.java:933: error: cannot find symbol
        boolean boolean3 = weakConcurrentMap0.contains((java.lang.Object) (byte) 1);
                                             ^
  symbol:   method contains(java.lang.Object)
  location: variable weakConcurrentMap0 of type org.mockito.internal.util.concurrent.WeakConcurrentMap, /tmp/mockito/RegressionTest0.java:946: error: cannot find symbol
        java.lang.reflect.GenericDeclaration[] genericDeclarationArray22 = weakConcurrentMap0.toArray(genericDeclarationArray21);
                                                                                             ^
  symbol:   method toArray(java.lang.reflect.GenericDeclaration[])
  location: variable weakConcurrentMap0 of type org.mockito.internal.util.concurrent.WeakConcurrentMap, /tmp/mockito/RegressionTest0.java:979: error: constructor WeakConcurrentMap in class org.mockito.internal.util.concurrent.WeakConcurrentMap<K,V> cannot be applied to given types;
        org.mockito.internal.util.concurrent.WeakConcurrentMap weakConcurrentMap2 = new org.mockito.internal.util.concurrent.WeakConcurrentMap();
                                                                                    ^
  required: boolean
  found: no arguments
  reason: actual and formal argument lists differ in length, /tmp/mockito/RegressionTest0.java:1030: error: constructor WeakConcurrentMap in class org.mockito.internal.util.concurrent.WeakConcurrentMap<K,V> cannot be applied to given types;
        org.mockito.internal.util.concurrent.WeakConcurrentMap weakConcurrentMap0 = new org.mockito.internal.util.concurrent.WeakConcurrentMap();
                                                                                    ^
  required: boolean
  found: no arguments
  reason: actual and formal argument lists differ in length, /tmp/mockito/RegressionTest0.java:1036: error: cannot find symbol
        boolean boolean8 = weakConcurrentMap0.add((java.lang.Object) cleanerEnumWeakConcurrentMap4);
                                             ^
  symbol:   method add(java.lang.Object)
  location: variable weakConcurrentMap0 of type org.mockito.internal.util.concurrent.WeakConcurrentMap, /tmp/mockito/RegressionTest0.java:1037: error: constructor WeakConcurrentMap in class org.mockito.internal.util.concurrent.WeakConcurrentMap<K,V> cannot be applied to given types;
        org.mockito.internal.util.concurrent.WeakConcurrentMap weakConcurrentMap9 = new org.mockito.internal.util.concurrent.WeakConcurrentMap();
                                                                                    ^
  required: boolean
  found: no arguments
  reason: actual and formal argument lists differ in length, /tmp/mockito/RegressionTest0.java:1104: error: cannot find symbol
        org.mockito.internal.util.concurrent.WeakConcurrentMap weakConcurrentMap32 = org.mockito.internal.util.concurrent.WeakConcurrentMap.of((java.lang.Iterable<java.lang.Object>) objSet29);
                                                                                                                                           ^
  symbol:   method of(java.lang.Iterable<java.lang.Object>)
  location: class org.mockito.internal.util.concurrent.WeakConcurrentMap, /tmp/mockito/RegressionTest0.java:1105: error: cannot find symbol
        boolean boolean33 = weakConcurrentMap32.isEmpty();
                                               ^
  symbol:   method isEmpty()
  location: variable weakConcurrentMap32 of type org.mockito.internal.util.concurrent.WeakConcurrentMap, /tmp/mockito/RegressionTest0.java:1106: error: cannot find symbol
        int int34 = weakConcurrentMap32.size();
                                       ^
  symbol:   method size()
  location: variable weakConcurrentMap32 of type org.mockito.internal.util.concurrent.WeakConcurrentMap, /tmp/mockito/RegressionTest0.java:1107: error: cannot find symbol
        java.util.stream.Stream<java.lang.Object> objStream35 = weakConcurrentMap32.stream();
                                                                                   ^
  symbol:   method stream()
  location: variable weakConcurrentMap32 of type org.mockito.internal.util.concurrent.WeakConcurrentMap, /tmp/mockito/RegressionTest0.java:1147: error: cannot find symbol
        org.mockito.internal.util.concurrent.WeakConcurrentMap weakConcurrentMap28 = org.mockito.internal.util.concurrent.WeakConcurrentMap.of((java.lang.Iterable<java.lang.Object>) objSet25);
                                                                                                                                           ^
  symbol:   method of(java.lang.Iterable<java.lang.Object>)
  location: class org.mockito.internal.util.concurrent.WeakConcurrentMap, /tmp/mockito/RegressionTest0.java:1149: error: clone() has protected access in java.lang.Object
            java.lang.Object obj29 = weakConcurrentMap28.clone();
                                                        ^, /tmp/mockito/RegressionTest0.java:1215: error: constructor WeakConcurrentMap in class org.mockito.internal.util.concurrent.WeakConcurrentMap<K,V> cannot be applied to given types;
        org.mockito.internal.util.concurrent.WeakConcurrentMap weakConcurrentMap0 = new org.mockito.internal.util.concurrent.WeakConcurrentMap();
                                                                                    ^
  required: boolean
  found: no arguments
  reason: actual and formal argument lists differ in length, /tmp/mockito/RegressionTest0.java:1221: error: cannot find symbol
        boolean boolean8 = weakConcurrentMap0.add((java.lang.Object) cleanerEnumWeakConcurrentMap4);
                                             ^
  symbol:   method add(java.lang.Object)
  location: variable weakConcurrentMap0 of type org.mockito.internal.util.concurrent.WeakConcurrentMap, /tmp/mockito/RegressionTest0.java:1223: error: clone() has protected access in java.lang.Object
            java.lang.Object obj9 = weakConcurrentMap0.clone();
                                                      ^, /tmp/mockito/RegressionTest0.java:1342: error: constructor WeakConcurrentMap in class org.mockito.internal.util.concurrent.WeakConcurrentMap<K,V> cannot be applied to given types;
        org.mockito.internal.util.concurrent.WeakConcurrentMap weakConcurrentMap1 = new org.mockito.internal.util.concurrent.WeakConcurrentMap();
                                                                                    ^
  required: boolean
  found: no arguments
  reason: actual and formal argument lists differ in length, /tmp/mockito/RegressionTest0.java:1349: error: cannot find symbol
        org.mockito.internal.util.reflection.LenientCopyTool[] lenientCopyToolArray8 = weakConcurrentMap1.toArray(lenientCopyToolArray7);
                                                                                                         ^
  symbol:   method toArray(org.mockito.internal.util.reflection.LenientCopyTool[])
  location: variable weakConcurrentMap1 of type org.mockito.internal.util.concurrent.WeakConcurrentMap, /tmp/mockito/RegressionTest0.java:1351: error: incompatible types: java.lang.Object cannot be converted to boolean
        boolean boolean10 = weakConcurrentMap1.remove(obj9);
                                                     ^, /tmp/mockito/RegressionTest0.java:1352: error: cannot find symbol
        java.util.stream.Stream<java.lang.Object> objStream11 = weakConcurrentMap1.stream();
                                                                                  ^
  symbol:   method stream()
  location: variable weakConcurrentMap1 of type org.mockito.internal.util.concurrent.WeakConcurrentMap, /tmp/mockito/RegressionTest0.java:1357: error: constructor WeakConcurrentMap in class org.mockito.internal.util.concurrent.WeakConcurrentMap<K,V> cannot be applied to given types;
        org.mockito.internal.util.concurrent.WeakConcurrentMap weakConcurrentMap20 = new org.mockito.internal.util.concurrent.WeakConcurrentMap();
                                                                                     ^
  required: boolean
  found: no arguments
  reason: actual and formal argument lists differ in length, /tmp/mockito/RegressionTest0.java:1359: error: cannot find symbol
        boolean boolean23 = weakConcurrentMap20.contains((java.lang.Object) (byte) 1);
                                               ^
  symbol:   method contains(java.lang.Object)
  location: variable weakConcurrentMap20 of type org.mockito.internal.util.concurrent.WeakConcurrentMap, /tmp/mockito/RegressionTest0.java:1362: error: cannot find symbol
        org.mockito.internal.util.concurrent.WeakConcurrentMap weakConcurrentMap27 = org.mockito.internal.util.concurrent.WeakConcurrentMap.of(objArray25);
                                                                                                                                           ^
  symbol:   method of(java.lang.Object[])
  location: class org.mockito.internal.util.concurrent.WeakConcurrentMap, /tmp/mockito/RegressionTest0.java:1410: error: cannot find symbol
        org.mockito.internal.util.concurrent.WeakConcurrentMap weakConcurrentMap28 = org.mockito.internal.util.concurrent.WeakConcurrentMap.of((java.lang.Iterable<java.lang.Object>) objSet25);
                                                                                                                                           ^
  symbol:   method of(java.lang.Iterable<java.lang.Object>)
  location: class org.mockito.internal.util.concurrent.WeakConcurrentMap, /tmp/mockito/RegressionTest0.java:1411: error: cannot find symbol
        boolean boolean30 = weakConcurrentMap28.contains((java.lang.Object) (short) 10);
                                               ^
  symbol:   method contains(java.lang.Object)
  location: variable weakConcurrentMap28 of type org.mockito.internal.util.concurrent.WeakConcurrentMap, /tmp/mockito/RegressionTest0.java:1412: error: cannot find symbol
        boolean boolean31 = weakConcurrentMap28.isEmpty();
                                               ^
  symbol:   method isEmpty()
  location: variable weakConcurrentMap28 of type org.mockito.internal.util.concurrent.WeakConcurrentMap, /tmp/mockito/RegressionTest0.java:1414: error: clone() has protected access in java.lang.Object
            java.lang.Object obj32 = weakConcurrentMap28.clone();
                                                        ^, /tmp/mockito/RegressionTest0.java:1500: error: constructor WeakConcurrentMap in class org.mockito.internal.util.concurrent.WeakConcurrentMap<K,V> cannot be applied to given types;
        org.mockito.internal.util.concurrent.WeakConcurrentMap weakConcurrentMap0 = new org.mockito.internal.util.concurrent.WeakConcurrentMap();
                                                                                    ^
  required: boolean
  found: no arguments
  reason: actual and formal argument lists differ in length, /tmp/mockito/RegressionTest0.java:1507: error: cannot find symbol
        org.mockito.internal.util.concurrent.WeakConcurrentMap weakConcurrentMap31 = org.mockito.internal.util.concurrent.WeakConcurrentMap.of((java.lang.Iterable<java.lang.Object>) objSet28);
                                                                                                                                           ^
  symbol:   method of(java.lang.Iterable<java.lang.Object>)
  location: class org.mockito.internal.util.concurrent.WeakConcurrentMap, /tmp/mockito/RegressionTest0.java:1508: error: cannot find symbol
        boolean boolean32 = weakConcurrentMap31.isEmpty();
                                               ^
  symbol:   method isEmpty()
  location: variable weakConcurrentMap31 of type org.mockito.internal.util.concurrent.WeakConcurrentMap, /tmp/mockito/RegressionTest0.java:1509: error: cannot find symbol
        int int33 = weakConcurrentMap31.size();
                                       ^
  symbol:   method size()
  location: variable weakConcurrentMap31 of type org.mockito.internal.util.concurrent.WeakConcurrentMap, /tmp/mockito/RegressionTest0.java:1510: error: cannot find symbol
        boolean boolean34 = weakConcurrentMap0.containsAll((java.util.Collection<java.lang.Object>) weakConcurrentMap31);
                                              ^
  symbol:   method containsAll(java.util.Collection<java.lang.Object>)
  location: variable weakConcurrentMap0 of type org.mockito.internal.util.concurrent.WeakConcurrentMap, /tmp/mockito/RegressionTest0.java:1511: error: constructor WeakConcurrentMap in class org.mockito.internal.util.concurrent.WeakConcurrentMap<K,V> cannot be applied to given types;
        org.mockito.internal.util.concurrent.WeakConcurrentMap weakConcurrentMap35 = new org.mockito.internal.util.concurrent.WeakConcurrentMap();
                                                                                     ^
  required: boolean
  found: no arguments
  reason: actual and formal argument lists differ in length, /tmp/mockito/RegressionTest0.java:1513: error: cannot find symbol
        boolean boolean38 = weakConcurrentMap31.add((java.lang.Object) weakConcurrentMap37);
                                               ^
  symbol:   method add(java.lang.Object)
  location: variable weakConcurrentMap31 of type org.mockito.internal.util.concurrent.WeakConcurrentMap, /tmp/mockito/RegressionTest0.java:1575: error: cannot find symbol
        org.mockito.internal.util.concurrent.WeakConcurrentMap weakConcurrentMap28 = org.mockito.internal.util.concurrent.WeakConcurrentMap.of((java.lang.Iterable<java.lang.Object>) objSet25);
                                                                                                                                           ^
  symbol:   method of(java.lang.Iterable<java.lang.Object>)
  location: class org.mockito.internal.util.concurrent.WeakConcurrentMap, /tmp/mockito/RegressionTest0.java:1576: error: cannot find symbol
        boolean boolean29 = weakConcurrentMap28.isEmpty();
                                               ^
  symbol:   method isEmpty()
  location: variable weakConcurrentMap28 of type org.mockito.internal.util.concurrent.WeakConcurrentMap, /tmp/mockito/RegressionTest0.java:1577: error: cannot find symbol
        int int30 = weakConcurrentMap28.size();
                                       ^
  symbol:   method size()
  location: variable weakConcurrentMap28 of type org.mockito.internal.util.concurrent.WeakConcurrentMap, /tmp/mockito/RegressionTest0.java:1578: error: cannot find symbol
        java.util.stream.Stream<java.lang.Object> objStream31 = weakConcurrentMap28.stream();
                                                                                   ^
  symbol:   method stream()
  location: variable weakConcurrentMap28 of type org.mockito.internal.util.concurrent.WeakConcurrentMap, /tmp/mockito/RegressionTest0.java:1579: error: cannot find symbol
        boolean boolean32 = weakConcurrentMap28.isEmpty();
                                               ^
  symbol:   method isEmpty()
  location: variable weakConcurrentMap28 of type org.mockito.internal.util.concurrent.WeakConcurrentMap, /tmp/mockito/RegressionTest0.java:1683: error: constructor WeakConcurrentMap in class org.mockito.internal.util.concurrent.WeakConcurrentMap<K,V> cannot be applied to given types;
        org.mockito.internal.util.concurrent.WeakConcurrentMap weakConcurrentMap0 = new org.mockito.internal.util.concurrent.WeakConcurrentMap();
                                                                                    ^
  required: boolean
  found: no arguments
  reason: actual and formal argument lists differ in length, /tmp/mockito/RegressionTest0.java:1697: error: constructor WeakConcurrentMap in class org.mockito.internal.util.concurrent.WeakConcurrentMap<K,V> cannot be applied to given types;
        org.mockito.internal.util.concurrent.WeakConcurrentMap weakConcurrentMap0 = new org.mockito.internal.util.concurrent.WeakConcurrentMap();
                                                                                    ^
  required: boolean
  found: no arguments
  reason: actual and formal argument lists differ in length, /tmp/mockito/RegressionTest0.java:1699: error: cannot find symbol
        boolean boolean3 = weakConcurrentMap0.contains((java.lang.Object) (byte) 1);
                                             ^
  symbol:   method contains(java.lang.Object)
  location: variable weakConcurrentMap0 of type org.mockito.internal.util.concurrent.WeakConcurrentMap, /tmp/mockito/RegressionTest0.java:1712: error: cannot find symbol
        java.lang.reflect.GenericDeclaration[] genericDeclarationArray22 = weakConcurrentMap0.toArray(genericDeclarationArray21);
                                                                                             ^
  symbol:   method toArray(java.lang.reflect.GenericDeclaration[])
  location: variable weakConcurrentMap0 of type org.mockito.internal.util.concurrent.WeakConcurrentMap, /tmp/mockito/RegressionTest0.java:1713: error: constructor WeakConcurrentMap in class org.mockito.internal.util.concurrent.WeakConcurrentMap<K,V> cannot be applied to given types;
        org.mockito.internal.util.concurrent.WeakConcurrentMap weakConcurrentMap23 = new org.mockito.internal.util.concurrent.WeakConcurrentMap();
                                                                                     ^
  required: boolean
  found: no arguments
  reason: actual and formal argument lists differ in length, /tmp/mockito/RegressionTest0.java:1719: error: cannot find symbol
        boolean boolean31 = weakConcurrentMap23.add((java.lang.Object) cleanerEnumWeakConcurrentMap27);
                                               ^
  symbol:   method add(java.lang.Object)
  location: variable weakConcurrentMap23 of type org.mockito.internal.util.concurrent.WeakConcurrentMap, /tmp/mockito/RegressionTest0.java:1720: error: constructor WeakConcurrentMap in class org.mockito.internal.util.concurrent.WeakConcurrentMap<K,V> cannot be applied to given types;
        org.mockito.internal.util.concurrent.WeakConcurrentMap weakConcurrentMap32 = new org.mockito.internal.util.concurrent.WeakConcurrentMap();
                                                                                     ^
  required: boolean
  found: no arguments
  reason: actual and formal argument lists differ in length, /tmp/mockito/RegressionTest0.java:1723: error: cannot find symbol
        java.util.stream.Stream<java.lang.Object> objStream36 = weakConcurrentMap32.parallelStream();
                                                                                   ^
  symbol:   method parallelStream()
  location: variable weakConcurrentMap32 of type org.mockito.internal.util.concurrent.WeakConcurrentMap, /tmp/mockito/RegressionTest0.java:1724: error: cannot find symbol
        boolean boolean37 = weakConcurrentMap0.containsAll((java.util.Collection<java.lang.Object>) weakConcurrentMap32);
                                              ^
  symbol:   method containsAll(java.util.Collection<java.lang.Object>)
  location: variable weakConcurrentMap0 of type org.mockito.internal.util.concurrent.WeakConcurrentMap, /tmp/mockito/RegressionTest0.java:1725: error: cannot find symbol
        boolean boolean39 = weakConcurrentMap32.add((java.lang.Object) (byte) -1);
                                               ^
  symbol:   method add(java.lang.Object)
  location: variable weakConcurrentMap32 of type org.mockito.internal.util.concurrent.WeakConcurrentMap, /tmp/mockito/RegressionTest0.java:1786: error: constructor WeakConcurrentMap in class org.mockito.internal.util.concurrent.WeakConcurrentMap<K,V> cannot be applied to given types;
        org.mockito.internal.util.concurrent.WeakConcurrentMap weakConcurrentMap1 = new org.mockito.internal.util.concurrent.WeakConcurrentMap();
                                                                                    ^
  required: boolean
  found: no arguments
  reason: actual and formal argument lists differ in length, /tmp/mockito/RegressionTest0.java:1792: error: cannot find symbol
        boolean boolean9 = weakConcurrentMap1.add((java.lang.Object) cleanerEnumWeakConcurrentMap5);
                                             ^
  symbol:   method add(java.lang.Object)
  location: variable weakConcurrentMap1 of type org.mockito.internal.util.concurrent.WeakConcurrentMap, /tmp/mockito/RegressionTest0.java:1794: error: cannot find symbol
        java.lang.Object[] objArray11 = weakConcurrentMap1.toArray();
                                                          ^
  symbol:   method toArray()
  location: variable weakConcurrentMap1 of type org.mockito.internal.util.concurrent.WeakConcurrentMap, /tmp/mockito/RegressionTest0.java:1798: error: constructor WeakConcurrentMap in class org.mockito.internal.util.concurrent.WeakConcurrentMap<K,V> cannot be applied to given types;
        org.mockito.internal.util.concurrent.WeakConcurrentMap weakConcurrentMap19 = new org.mockito.internal.util.concurrent.WeakConcurrentMap();
                                                                                     ^
  required: boolean
  found: no arguments
  reason: actual and formal argument lists differ in length, /tmp/mockito/RegressionTest0.java:1800: error: cannot find symbol
        boolean boolean22 = weakConcurrentMap19.contains((java.lang.Object) (byte) 1);
                                               ^
  symbol:   method contains(java.lang.Object)
  location: variable weakConcurrentMap19 of type org.mockito.internal.util.concurrent.WeakConcurrentMap, /tmp/mockito/RegressionTest0.java:1803: error: cannot find symbol
        org.mockito.internal.util.concurrent.WeakConcurrentMap weakConcurrentMap26 = org.mockito.internal.util.concurrent.WeakConcurrentMap.of(objArray24);
                                                                                                                                           ^
  symbol:   method of(java.lang.Object[])
  location: class org.mockito.internal.util.concurrent.WeakConcurrentMap, /tmp/mockito/RegressionTest0.java:1805: error: constructor WeakConcurrentMap in class org.mockito.internal.util.concurrent.WeakConcurrentMap<K,V> cannot be applied to given types;
        org.mockito.internal.util.concurrent.WeakConcurrentMap weakConcurrentMap28 = new org.mockito.internal.util.concurrent.WeakConcurrentMap();
                                                                                     ^
  required: boolean
  found: no arguments
  reason: actual and formal argument lists differ in length, /tmp/mockito/RegressionTest0.java:1810: error: constructor WeakConcurrentMap in class org.mockito.internal.util.concurrent.WeakConcurrentMap<K,V> cannot be applied to given types;
        org.mockito.internal.util.concurrent.WeakConcurrentMap weakConcurrentMap34 = new org.mockito.internal.util.concurrent.WeakConcurrentMap();
                                                                                     ^
  required: boolean
  found: no arguments
  reason: actual and formal argument lists differ in length, /tmp/mockito/RegressionTest0.java:1816: error: cannot find symbol
        boolean boolean42 = weakConcurrentMap34.add((java.lang.Object) cleanerEnumWeakConcurrentMap38);
                                               ^
  symbol:   method add(java.lang.Object)
  location: variable weakConcurrentMap34 of type org.mockito.internal.util.concurrent.WeakConcurrentMap, Note: /tmp/mockito/RegressionTest0.java uses unchecked or unsafe operations., Note: Recompile with -Xlint:unchecked for details.]

	at randoop.output.FailingTestFilter.compilationError(FailingTestFilter.java:222)
	at randoop.output.FailingTestFilter.commentCatchStatements(FailingTestFilter.java:186)
	at randoop.output.FailingTestFilter.writeClassCode(FailingTestFilter.java:99)
	at randoop.main.GenTests.writeTestFiles(GenTests.java:600)
	at randoop.main.GenTests.handle(GenTests.java:511)
	at randoop.main.Main.nonStaticMain(Main.java:65)
	at randoop.main.Main.main(Main.java:29)
Caused by: randoop.compile.FileCompiler$FileCompilerException: Compilation failed
	at randoop.compile.FileCompiler.compile(FileCompiler.java:63)
	at randoop.compile.FileCompiler.compile(FileCompiler.java:76)
	at randoop.output.FailingTestFilter.compileTestClass(FailingTestFilter.java:454)
	at randoop.output.FailingTestFilter.writeClassCode(FailingTestFilter.java:96)
	... 4 more
